[2025-05-05 21:15:58] === Starting new matching process ===
[2025-05-05 21:15:58] Processing table: imported_data_2025_05_05_211555
[2025-05-05 21:15:58] Match type selected: 590
[2025-05-05 21:15:58] Database connections established
[2025-05-05 21:15:58] Table verification successful
[2025-05-05 21:15:58] Building query for match type: 590
[2025-05-05 21:15:58] Using 590 (default) matching query
[2025-05-05 21:15:58] Executing match query: 
            SELECT DISTINCT i.*, h.hollander_no as npc_holander, i2.inventory_no as npc_hardware, 
            sds.Need_3mo as 3_month_need, sds.Need_6mo as 6_month_need,
            '590 Match' as match_type
            FROM vendor_port.`imported_data_2025_05_05_211555` i 
            INNER JOIN `test_play`.hollander h ON h.hollander_no = i.`590` 
            INNER JOIN `test_play`.inventory_hollander_map ihm ON ihm.hollander_id = h.hollander_id
            INNER JOIN `test_play`.inventory i2 ON i2.inventory_id = ihm.inventory_id
            LEFT JOIN `npcwebsite`.sales_demand_summary sds ON sds.SKU COLLATE utf8mb4_unicode_520_ci = i2.inventory_no COLLATE utf8mb4_unicode_520_ci
            WHERE (sds.Need_3mo > 0 OR sds.Need_6mo > 0)
            ...
[2025-05-05 21:15:58] Query executed successfully
[2025-05-05 21:15:58] Found matches: 1
[2025-05-05 21:15:58] Total matches: 1
[2025-05-05 21:15:58] Results stored in session
[2025-05-05 21:15:58] Redirecting to results page
[2025-05-05 21:16:01] === Starting new matching process ===
[2025-05-05 21:16:01] Processing table: imported_data_2025_05_05_211555
[2025-05-05 21:16:01] Match type selected: hardware
[2025-05-05 21:16:01] Database connections established
[2025-05-05 21:16:01] Table verification successful
[2025-05-05 21:16:01] Building query for match type: hardware
[2025-05-05 21:16:01] Using hardware matching query
[2025-05-05 21:16:01] Executing match query: 
            SELECT DISTINCT i.*, 
			i2.inventory_no as npc_hardware,
            sds.Need_3mo as 3_month_need, sds.Need_6mo as 6_month_need,
            'Hardware Match' as match_type
            FROM vendor_port.`imported_data_2025_05_05_211555` i 
			inner join `test_play`.inventory AS i2 on
			i.`590` = i2.inventory_no
			left join `npcwebsite`.sales_demand_summary sds on
			sds.SKU COLLATE utf8mb4_unicode_520_ci = i2.inventory_no COLLATE utf8mb4_unicode_520_ci
			WHERE (sds.Need_3mo > 0 OR sds.Need_6mo > 0)



            ...
[2025-05-05 21:16:01] Query executed successfully
[2025-05-05 21:16:01] Found matches: 0
[2025-05-05 21:16:01] Total matches: 0
[2025-05-05 21:16:01] Results stored in session
[2025-05-05 21:16:01] Redirecting to results page
